2025-04-24 21:40:31,796 - INFO - 备份已创建: ../xlsx/words_backup_20250424_214031.xlsx
2025-04-24 21:40:31,799 - INFO - 开始处理工作表: words
2025-04-24 21:40:31,799 - INFO - 跳过已处理单词: apparatus
2025-04-24 21:40:31,799 - INFO - 跳过已处理单词: batch
2025-04-24 21:40:31,799 - INFO - 跳过已处理单词: assemble
2025-04-24 21:40:31,805 - INFO - 处理完成，保存到 ../xlsx/words.xlsx
2025-04-24 21:42:48,951 - INFO - 备份已创建: ../xlsx/words_backup_20250424_214248.xlsx
2025-04-24 21:42:48,954 - INFO - 开始处理工作表: words
2025-04-24 21:42:48,954 - INFO - 跳过已处理单词: apparatus
2025-04-24 21:42:48,954 - INFO - 跳过已处理单词: batch
2025-04-24 21:42:49,086 - INFO - 已处理: assemble
2025-04-24 21:42:50,093 - INFO - 处理完成，保存到 ../xlsx/words.xlsx
2025-04-24 21:54:22,281 - INFO - 备份已创建: ../xlsx/words_backup_20250424_215422.xlsx
2025-04-24 21:54:22,284 - INFO - 开始处理工作表: words
2025-04-24 21:54:22,405 - INFO - 已处理: apparatus
2025-04-24 21:54:23,521 - INFO - 已处理: batch
2025-04-24 21:54:24,636 - INFO - 已处理: assemble
2025-04-24 21:54:25,644 - INFO - 处理完成，保存到 ../xlsx/words.xlsx
2025-04-24 22:00:34,151 - INFO - 备份已创建: ../xlsx/words_backup_20250424_220034.xlsx
2025-04-24 22:00:34,154 - INFO - 开始处理工作表: words
2025-04-24 22:00:34,154 - INFO - 跳过已处理单词: apparatus
2025-04-24 22:00:34,154 - INFO - 跳过已处理单词: batch
2025-04-24 22:00:34,154 - INFO - 跳过已处理单词: assemble
2025-04-24 22:00:34,162 - INFO - 处理完成，保存到 ../xlsx/words.xlsx
2025-04-24 22:00:58,113 - INFO - 备份已创建: ../xlsx/words_backup_20250424_220058.xlsx
2025-04-24 22:00:58,117 - INFO - 开始处理工作表: words
2025-04-24 22:00:58,117 - INFO - 跳过已处理单词: apparatus
2025-04-24 22:00:58,117 - INFO - 跳过已处理单词: batch
2025-04-24 22:00:58,117 - INFO - 跳过已处理单词: assemble
2025-04-24 22:00:58,122 - INFO - 处理完成，保存到 ../xlsx/words.xlsx
2025-04-24 22:06:06,610 - INFO - 备份已创建: ../xlsx/backup/words.xlsx_backup_20250424_220606.xlsx
2025-04-24 22:06:06,613 - INFO - 开始处理工作表: words
2025-04-24 22:06:06,613 - INFO - 跳过已处理单词: apparatus
2025-04-24 22:06:06,613 - INFO - 跳过已处理单词: batch
2025-04-24 22:06:06,613 - INFO - 跳过已处理单词: assemble
2025-04-24 22:06:06,622 - INFO - 处理完成，保存到 ../xlsx/words.xlsx
2025-04-24 22:09:14,777 - INFO - 备份已创建: ../xlsx/backup/words.xlsx_backup_20250424_220914.xlsx
2025-04-24 22:09:43,103 - INFO - 备份已创建: ../xlsx/backup/words.xlsx_backup_20250424_220943.xlsx
2025-04-24 22:09:43,109 - INFO - 开始处理工作表: words
2025-04-24 22:09:43,109 - INFO - 跳过已处理单词: apparatus
2025-04-24 22:09:43,109 - INFO - 跳过已处理单词: batch
2025-04-24 22:09:43,109 - INFO - 跳过已处理单词: assemble
2025-04-24 22:10:43,289 - INFO - 备份已创建: ../xlsx/backup/words.xlsx_backup_20250424_221043.xlsx
2025-04-24 22:10:43,293 - INFO - 开始处理工作表: words
2025-04-24 22:10:43,293 - INFO - 跳过已处理单词: apparatus
2025-04-24 22:10:43,293 - INFO - 跳过已处理单词: batch
2025-04-24 22:10:43,293 - INFO - 跳过已处理单词: assemble
2025-04-24 22:10:55,029 - INFO - 备份已创建: ../xlsx/backup/words.xlsx_backup_20250424_221055.xlsx
2025-04-24 22:10:55,034 - INFO - 开始处理工作表: words
2025-04-24 22:10:55,034 - INFO - 跳过已处理单词: apparatus
2025-04-24 22:10:55,034 - INFO - 跳过已处理单词: batch
2025-04-24 22:10:55,034 - INFO - 跳过已处理单词: assemble
2025-04-24 22:10:55,042 - INFO - 处理完成，保存到 ../xlsx/words.xlsx
2025-04-24 22:11:32,166 - INFO - 备份已创建: ../xlsx/backup/words.xlsx_backup_20250424_221132.xlsx
2025-04-24 22:11:32,178 - INFO - 字体已设置: ../xlsx/words.xlsx
2025-04-24 22:11:32,180 - INFO - 开始处理工作表: words
2025-04-24 22:11:32,181 - INFO - 跳过已处理单词: apparatus
2025-04-24 22:11:32,181 - INFO - 跳过已处理单词: batch
2025-04-24 22:11:32,181 - INFO - 跳过已处理单词: assemble
2025-04-24 22:11:32,184 - INFO - 处理完成，保存到 ../xlsx/words.xlsx
2025-04-24 22:12:03,824 - INFO - 备份已创建: ../xlsx/backup/words.xlsx_backup_20250424_221203.xlsx
2025-04-24 22:12:09,991 - INFO - 备份已创建: ../xlsx/backup/words.xlsx_backup_20250424_221209.xlsx
2025-04-24 22:12:10,000 - INFO - 字体已设置: ../xlsx/words.xlsx
2025-04-24 22:12:10,003 - INFO - 开始处理工作表: words
2025-04-24 22:12:10,003 - INFO - 跳过已处理单词: apparatus
2025-04-24 22:12:10,003 - INFO - 跳过已处理单词: batch
2025-04-24 22:12:10,003 - INFO - 跳过已处理单词: assemble
2025-04-24 22:12:10,007 - INFO - 处理完成，保存到 ../xlsx/words.xlsx
2025-04-24 22:14:14,303 - INFO - 备份已创建: ../xlsx/backup/words.xlsx_backup_20250424_221414.xlsx
2025-04-24 22:14:14,319 - INFO - 字体已设置: ../xlsx/words.xlsx
2025-04-24 22:14:14,322 - INFO - 开始处理工作表: words
2025-04-24 22:14:14,322 - INFO - 跳过已处理单词: apparatus
2025-04-24 22:14:14,322 - INFO - 跳过已处理单词: batch
2025-04-24 22:14:14,322 - INFO - 跳过已处理单词: assemble
2025-04-24 22:14:14,327 - INFO - 处理完成，保存到 ../xlsx/words.xlsx
2025-04-24 22:14:42,428 - INFO - 备份已创建: ../xlsx/backup/words.xlsx_backup_20250424_221442.xlsx
2025-04-24 22:14:49,103 - INFO - 备份已创建: ../xlsx/backup/words.xlsx_backup_20250424_221449.xlsx
2025-04-24 22:14:49,112 - INFO - 字体已设置: ../xlsx/words.xlsx
2025-04-24 22:14:49,114 - INFO - 开始处理工作表: words
2025-04-24 22:14:49,114 - INFO - 跳过已处理单词: apparatus
2025-04-24 22:14:49,114 - INFO - 跳过已处理单词: batch
2025-04-24 22:14:49,114 - INFO - 跳过已处理单词: assemble
2025-04-24 22:14:49,118 - INFO - 处理完成，保存到 ../xlsx/words.xlsx
2025-04-24 22:17:20,261 - INFO - 备份已创建: ../xlsx/backup/words.xlsx_backup_20250424_221720.xlsx
2025-04-24 22:17:26,145 - INFO - 备份已创建: ../xlsx/backup/words.xlsx_backup_20250424_221726.xlsx
2025-04-24 22:17:26,169 - INFO - 字体已设置: ../xlsx/words.xlsx
2025-04-24 22:17:26,172 - INFO - 开始处理工作表: words
2025-04-24 22:17:26,172 - INFO - 跳过已处理单词: apparatus
2025-04-24 22:17:26,172 - INFO - 跳过已处理单词: batch
2025-04-24 22:17:26,172 - INFO - 跳过已处理单词: assemble
2025-04-24 22:17:26,177 - INFO - 处理完成，保存到 ../xlsx/words.xlsx
2025-04-24 22:17:31,600 - INFO - 备份已创建: ../xlsx/backup/words.xlsx_backup_20250424_221731.xlsx
2025-04-24 22:17:31,609 - INFO - 字体已设置: ../xlsx/words.xlsx
2025-04-24 22:17:31,611 - INFO - 开始处理工作表: words
2025-04-24 22:17:31,611 - INFO - 跳过已处理单词: apparatus
2025-04-24 22:17:31,611 - INFO - 跳过已处理单词: batch
2025-04-24 22:17:31,611 - INFO - 跳过已处理单词: assemble
2025-04-24 22:17:31,615 - INFO - 处理完成，保存到 ../xlsx/words.xlsx
2025-04-24 22:29:17,848 - INFO - 备份已创建: ../xlsx/backup/words.xlsx_backup_20250424_222917.xlsx
2025-04-24 22:29:23,084 - INFO - 备份已创建: ../xlsx/backup/words.xlsx_backup_20250424_222923.xlsx
2025-04-24 22:29:46,120 - INFO - 备份已创建: ../xlsx/backup/words.xlsx_backup_20250424_222946.xlsx
2025-04-24 22:29:46,138 - INFO - 字体已设置: ../xlsx/words.xlsx
2025-04-24 22:29:46,143 - INFO - 开始处理工作表: words
2025-04-24 22:29:46,143 - INFO - 跳过已处理单词: apparatus
2025-04-24 22:29:46,143 - INFO - 跳过已处理单词: batch
2025-04-24 22:29:46,143 - INFO - 跳过已处理单词: assemble
2025-04-24 22:29:46,143 - INFO - 开始处理工作表: Sheet1
2025-04-24 22:29:46,251 - INFO - 已处理: accordance
2025-04-24 22:29:46,841 - INFO - 已处理: acquaint
2025-04-24 22:29:47,468 - INFO - 已处理: acute
2025-04-24 22:29:48,079 - INFO - 已处理: adequate
2025-04-24 22:29:49,216 - INFO - 已处理: aerial
2025-04-24 22:29:49,834 - INFO - 已处理: affluent
2025-04-24 22:29:50,414 - INFO - 已处理: asile
2025-04-24 22:29:50,915 - INFO - 开始处理工作表: Sheet2
2025-04-24 22:29:51,029 - INFO - 已处理: apparatus
2025-04-24 22:29:51,649 - INFO - 已处理: applicable
2025-04-24 22:29:52,159 - INFO - 处理完成，保存到 ../xlsx/words.xlsx
2025-04-24 22:34:33,116 - INFO - 备份已创建: ../xlsx/backup/words.xlsx_backup_20250424_223433.xlsx
2025-04-24 22:34:33,135 - INFO - 字体已设置: ../xlsx/words.xlsx
2025-04-24 22:34:33,139 - INFO - 开始处理工作表: words
2025-04-24 22:34:33,140 - INFO - 跳过已处理单词: apparatus
2025-04-24 22:34:33,140 - INFO - 跳过已处理单词: batch
2025-04-24 22:34:33,140 - INFO - 跳过已处理单词: assemble
2025-04-24 22:34:33,140 - INFO - 开始处理工作表: Sheet1
2025-04-24 22:34:33,140 - INFO - 跳过已处理单词: accordance
2025-04-24 22:34:33,140 - INFO - 跳过已处理单词: acquaint
2025-04-24 22:34:33,140 - INFO - 跳过已处理单词: acute
2025-04-24 22:34:33,140 - INFO - 跳过已处理单词: adequate
2025-04-24 22:34:33,140 - INFO - 跳过已处理单词: aerial
2025-04-24 22:34:33,140 - INFO - 跳过已处理单词: affluent
2025-04-24 22:34:33,140 - INFO - 跳过已处理单词: asile
2025-04-24 22:34:33,141 - INFO - 开始处理工作表: Sheet2
2025-04-24 22:34:33,141 - INFO - 跳过已处理单词: apparatus
2025-04-24 22:34:33,141 - INFO - 跳过已处理单词: applicable
2025-04-24 22:34:33,265 - INFO - 已处理: appliance
2025-04-24 22:34:33,669 - INFO - 已处理: ample
2025-04-24 22:34:34,078 - INFO - 已处理: amateur
2025-04-24 22:34:34,537 - INFO - 已处理: aluminium
2025-04-24 22:34:34,946 - INFO - 已处理: aptitude
2025-04-24 22:34:35,369 - INFO - 已处理: arbitary
2025-04-24 22:34:35,787 - INFO - 已处理: arithmetic
2025-04-24 22:34:36,214 - INFO - 已处理: anchor
2025-04-24 22:34:36,834 - INFO - 已处理: ashore
2025-04-24 22:34:37,135 - INFO - 开始处理工作表: Sheet3
2025-04-24 22:34:37,258 - INFO - 已处理: assemble
2025-04-24 22:34:37,715 - INFO - 已处理: resemble
2025-04-24 22:34:38,190 - INFO - 已处理: asset
2025-04-24 22:34:38,622 - INFO - 已处理: attain
2025-04-24 22:34:39,033 - INFO - 已处理: attic
2025-04-24 22:34:39,345 - INFO - 处理完成，保存到 ../xlsx/words.xlsx
2025-04-24 22:40:09,386 - INFO - 备份已创建: ../xlsx/backup/words.xlsx_backup_20250424_224009.xlsx
2025-04-24 22:41:13,155 - INFO - 备份已创建: ../xlsx/backup/words.xlsx_backup_20250424_224113.xlsx
2025-04-24 22:41:17,515 - INFO - 备份已创建: ../xlsx/backup/words.xlsx_backup_20250424_224117.xlsx
2025-04-24 22:41:17,541 - INFO - 字体已设置: ../xlsx/words.xlsx
2025-04-24 22:41:17,548 - INFO - 开始处理工作表: words
2025-04-24 22:41:17,548 - INFO - 跳过已处理单词: apparatus
2025-04-24 22:41:17,548 - INFO - 跳过已处理单词: batch
2025-04-24 22:41:17,548 - INFO - 跳过已处理单词: assemble
2025-04-24 22:41:17,548 - INFO - 开始处理工作表: Sheet1
2025-04-24 22:41:17,548 - INFO - 跳过已处理单词: accordance
2025-04-24 22:41:17,548 - INFO - 跳过已处理单词: acquaint
2025-04-24 22:41:17,548 - INFO - 跳过已处理单词: acute
2025-04-24 22:41:17,548 - INFO - 跳过已处理单词: adequate
2025-04-24 22:41:17,548 - INFO - 跳过已处理单词: aerial
2025-04-24 22:41:17,548 - INFO - 跳过已处理单词: affluent
2025-04-24 22:41:17,548 - INFO - 跳过已处理单词: asile
2025-04-24 22:41:17,548 - INFO - 开始处理工作表: Sheet2
2025-04-24 22:41:17,548 - INFO - 跳过已处理单词: apparatus
2025-04-24 22:41:17,548 - INFO - 跳过已处理单词: applicable
2025-04-24 22:41:17,548 - INFO - 跳过已处理单词: appliance
2025-04-24 22:41:17,548 - INFO - 跳过已处理单词: ample
2025-04-24 22:41:17,548 - INFO - 跳过已处理单词: amateur
2025-04-24 22:41:17,549 - INFO - 跳过已处理单词: aluminium
2025-04-24 22:41:17,549 - INFO - 跳过已处理单词: aptitude
2025-04-24 22:41:17,663 - INFO - 已处理: arbitrary
2025-04-24 22:41:17,964 - INFO - 跳过已处理单词: arithmetic
2025-04-24 22:41:17,964 - INFO - 跳过已处理单词: anchor
2025-04-24 22:41:17,964 - INFO - 跳过已处理单词: ashore
2025-04-24 22:41:17,964 - INFO - 开始处理工作表: Sheet3
2025-04-24 22:41:17,964 - INFO - 跳过已处理单词: assemble
2025-04-24 22:41:17,964 - INFO - 跳过已处理单词: resemble
2025-04-24 22:41:17,965 - INFO - 跳过已处理单词: asset
2025-04-24 22:41:17,965 - INFO - 跳过已处理单词: attain
2025-04-24 22:41:17,965 - INFO - 跳过已处理单词: attic
2025-04-24 22:41:17,977 - INFO - 处理完成，保存到 ../xlsx/words.xlsx
2025-04-24 22:41:42,376 - INFO - 备份已创建: ../xlsx/backup/words.xlsx_backup_20250424_224142.xlsx
2025-04-24 22:41:42,402 - INFO - 字体已设置: ../xlsx/words.xlsx
2025-04-24 22:41:42,408 - INFO - 开始处理工作表: words
2025-04-24 22:41:42,408 - INFO - 跳过已处理单词: apparatus
2025-04-24 22:41:42,409 - INFO - 跳过已处理单词: batch
2025-04-24 22:41:42,409 - INFO - 跳过已处理单词: assemble
2025-04-24 22:41:42,409 - INFO - 开始处理工作表: Sheet1
2025-04-24 22:41:42,409 - INFO - 跳过已处理单词: accordance
2025-04-24 22:41:42,409 - INFO - 跳过已处理单词: acquaint
2025-04-24 22:41:42,409 - INFO - 跳过已处理单词: acute
2025-04-24 22:41:42,409 - INFO - 跳过已处理单词: adequate
2025-04-24 22:41:42,409 - INFO - 跳过已处理单词: aerial
2025-04-24 22:41:42,409 - INFO - 跳过已处理单词: affluent
2025-04-24 22:41:42,409 - INFO - 跳过已处理单词: asile
2025-04-24 22:41:42,409 - INFO - 开始处理工作表: Sheet2
2025-04-24 22:41:42,409 - INFO - 跳过已处理单词: apparatus
2025-04-24 22:41:42,409 - INFO - 跳过已处理单词: applicable
2025-04-24 22:41:42,409 - INFO - 跳过已处理单词: appliance
2025-04-24 22:41:42,409 - INFO - 跳过已处理单词: ample
2025-04-24 22:41:42,409 - INFO - 跳过已处理单词: amateur
2025-04-24 22:41:42,409 - INFO - 跳过已处理单词: aluminium
2025-04-24 22:41:42,409 - INFO - 跳过已处理单词: aptitude
2025-04-24 22:41:42,409 - INFO - 跳过已处理单词: arbitrary
2025-04-24 22:41:42,409 - INFO - 跳过已处理单词: arithmetic
2025-04-24 22:41:42,409 - INFO - 跳过已处理单词: anchor
2025-04-24 22:41:42,409 - INFO - 跳过已处理单词: ashore
2025-04-24 22:41:42,409 - INFO - 开始处理工作表: Sheet3
2025-04-24 22:41:42,409 - INFO - 跳过已处理单词: assemble
2025-04-24 22:41:42,409 - INFO - 跳过已处理单词: resemble
2025-04-24 22:41:42,409 - INFO - 跳过已处理单词: asset
2025-04-24 22:41:42,409 - INFO - 跳过已处理单词: attain
2025-04-24 22:41:42,409 - INFO - 跳过已处理单词: attic
2025-04-24 22:41:42,421 - INFO - 处理完成，保存到 ../xlsx/words.xlsx
2025-04-24 22:43:55,309 - INFO - 备份已创建: ../xlsx/backup/words.xlsx_backup_20250424_224355.xlsx
2025-04-24 22:44:01,315 - INFO - 备份已创建: ../xlsx/backup/words.xlsx_backup_20250424_224401.xlsx
2025-04-24 22:44:01,337 - INFO - 字体已设置: ../xlsx/words.xlsx
2025-04-24 22:44:01,342 - INFO - 开始处理工作表: words
2025-04-24 22:44:01,343 - INFO - 跳过已处理单词: apparatus
2025-04-24 22:44:01,343 - INFO - 跳过已处理单词: batch
2025-04-24 22:44:01,343 - INFO - 跳过已处理单词: assemble
2025-04-24 22:44:01,343 - INFO - 开始处理工作表: Sheet1
2025-04-24 22:44:01,343 - INFO - 跳过已处理单词: accordance
2025-04-24 22:44:01,343 - INFO - 跳过已处理单词: acquaint
2025-04-24 22:44:01,343 - INFO - 跳过已处理单词: acute
2025-04-24 22:44:01,343 - INFO - 跳过已处理单词: adequate
2025-04-24 22:44:01,343 - INFO - 跳过已处理单词: aerial
2025-04-24 22:44:01,343 - INFO - 跳过已处理单词: affluent
2025-04-24 22:44:01,343 - INFO - 跳过已处理单词: asile
2025-04-24 22:44:01,343 - INFO - 开始处理工作表: Sheet2
2025-04-24 22:44:01,343 - INFO - 跳过已处理单词: apparatus
2025-04-24 22:44:01,343 - INFO - 跳过已处理单词: applicable
2025-04-24 22:44:01,343 - INFO - 跳过已处理单词: appliance
2025-04-24 22:44:01,343 - INFO - 跳过已处理单词: ample
2025-04-24 22:44:01,343 - INFO - 跳过已处理单词: amateur
2025-04-24 22:44:01,343 - INFO - 跳过已处理单词: aluminium
2025-04-24 22:44:01,343 - INFO - 跳过已处理单词: aptitude
2025-04-24 22:44:01,343 - INFO - 跳过已处理单词: arbitrary
2025-04-24 22:44:01,343 - INFO - 跳过已处理单词: arithmetic
2025-04-24 22:44:01,343 - INFO - 跳过已处理单词: anchor
2025-04-24 22:44:01,343 - INFO - 跳过已处理单词: ashore
2025-04-24 22:44:01,343 - INFO - 开始处理工作表: Sheet3
2025-04-24 22:44:01,343 - INFO - 跳过已处理单词: assemble
2025-04-24 22:44:01,343 - INFO - 跳过已处理单词: resemble
2025-04-24 22:44:01,343 - INFO - 跳过已处理单词: asset
2025-04-24 22:44:01,343 - INFO - 跳过已处理单词: attain
2025-04-24 22:44:01,343 - INFO - 跳过已处理单词: attic
2025-04-24 22:44:01,353 - INFO - 处理完成，保存到 ../xlsx/words.xlsx
2025-04-24 22:49:44,507 - INFO - 备份已创建: ../xlsx/backup/words.xlsx_backup_20250424_224944.xlsx
2025-04-24 22:49:44,532 - INFO - 字体已设置: ../xlsx/words.xlsx
2025-04-24 22:49:44,537 - INFO - 开始处理工作表: words
2025-04-24 22:49:44,537 - INFO - 跳过已处理单词: apparatus
2025-04-24 22:49:44,537 - INFO - 跳过已处理单词: batch
2025-04-24 22:49:44,537 - INFO - 跳过已处理单词: assemble
2025-04-24 22:49:44,537 - INFO - 开始处理工作表: Sheet1
2025-04-24 22:49:44,537 - INFO - 跳过已处理单词: accordance
2025-04-24 22:49:44,538 - INFO - 跳过已处理单词: acquaint
2025-04-24 22:49:44,538 - INFO - 跳过已处理单词: acute
2025-04-24 22:49:44,538 - INFO - 跳过已处理单词: adequate
2025-04-24 22:49:44,538 - INFO - 跳过已处理单词: aerial
2025-04-24 22:49:44,538 - INFO - 跳过已处理单词: affluent
2025-04-24 22:49:44,644 - INFO - 已处理: aisle
2025-04-24 22:49:44,945 - INFO - 开始处理工作表: Sheet2
2025-04-24 22:49:44,945 - INFO - 跳过已处理单词: apparatus
2025-04-24 22:49:44,945 - INFO - 跳过已处理单词: applicable
2025-04-24 22:49:44,945 - INFO - 跳过已处理单词: appliance
2025-04-24 22:49:44,945 - INFO - 跳过已处理单词: ample
2025-04-24 22:49:44,945 - INFO - 跳过已处理单词: amateur
2025-04-24 22:49:44,945 - INFO - 跳过已处理单词: aluminium
2025-04-24 22:49:44,945 - INFO - 跳过已处理单词: aptitude
2025-04-24 22:49:44,945 - INFO - 跳过已处理单词: arbitrary
2025-04-24 22:49:44,945 - INFO - 跳过已处理单词: arithmetic
2025-04-24 22:49:44,945 - INFO - 跳过已处理单词: anchor
2025-04-24 22:49:44,945 - INFO - 跳过已处理单词: ashore
2025-04-24 22:49:45,053 - INFO - 已处理: allege
2025-04-24 22:49:45,466 - INFO - 已处理: ally
2025-04-24 22:49:45,767 - INFO - 开始处理工作表: Sheet3
2025-04-24 22:49:45,767 - INFO - 跳过已处理单词: assemble
2025-04-24 22:49:45,767 - INFO - 跳过已处理单词: resemble
2025-04-24 22:49:45,767 - INFO - 跳过已处理单词: asset
2025-04-24 22:49:45,767 - INFO - 跳过已处理单词: attain
2025-04-24 22:49:45,767 - INFO - 跳过已处理单词: attic
2025-04-24 22:49:45,878 - INFO - 已处理: attorney
2025-04-24 22:49:46,291 - INFO - 已处理: auditorium
2025-04-24 22:49:46,701 - INFO - 已处理: authorize
2025-04-24 22:49:47,122 - INFO - 已处理: auxiliary
2025-04-24 22:49:47,563 - INFO - 已处理: aviation
2025-04-24 22:49:48,042 - INFO - 已处理: avenue
2025-04-24 22:49:48,453 - INFO - 已处理: axis
2025-04-24 22:49:48,864 - INFO - 已处理: bachelor
2025-04-24 22:49:49,278 - INFO - 已处理: bacteria
2025-04-24 22:49:49,642 - INFO - 已处理: badage
2025-04-24 22:49:50,054 - INFO - 已处理: bandage
2025-04-24 22:49:50,366 - INFO - 处理完成，保存到 ../xlsx/words.xlsx
2025-04-24 22:50:58,465 - INFO - 备份已创建: ../xlsx/backup/words.xlsx_backup_20250424_225058.xlsx
2025-04-24 22:50:58,489 - INFO - 字体已设置: ../xlsx/words.xlsx
2025-04-24 22:50:58,494 - INFO - 开始处理工作表: words
2025-04-24 22:50:58,494 - INFO - 跳过已处理单词: apparatus
2025-04-24 22:50:58,494 - INFO - 跳过已处理单词: batch
2025-04-24 22:50:58,494 - INFO - 跳过已处理单词: assemble
2025-04-24 22:50:58,494 - INFO - 开始处理工作表: Sheet1
2025-04-24 22:50:58,494 - INFO - 跳过已处理单词: accordance
2025-04-24 22:50:58,494 - INFO - 跳过已处理单词: acquaint
2025-04-24 22:50:58,495 - INFO - 跳过已处理单词: acute
2025-04-24 22:50:58,495 - INFO - 跳过已处理单词: adequate
2025-04-24 22:50:58,495 - INFO - 跳过已处理单词: aerial
2025-04-24 22:50:58,495 - INFO - 跳过已处理单词: affluent
2025-04-24 22:50:58,495 - INFO - 跳过已处理单词: aisle
2025-04-24 22:50:58,495 - INFO - 开始处理工作表: Sheet2
2025-04-24 22:50:58,495 - INFO - 跳过已处理单词: apparatus
2025-04-24 22:50:58,495 - INFO - 跳过已处理单词: applicable
2025-04-24 22:50:58,495 - INFO - 跳过已处理单词: appliance
2025-04-24 22:50:58,495 - INFO - 跳过已处理单词: ample
2025-04-24 22:50:58,495 - INFO - 跳过已处理单词: amateur
2025-04-24 22:50:58,495 - INFO - 跳过已处理单词: aluminium
2025-04-24 22:50:58,495 - INFO - 跳过已处理单词: aptitude
2025-04-24 22:50:58,495 - INFO - 跳过已处理单词: arbitrary
2025-04-24 22:50:58,495 - INFO - 跳过已处理单词: arithmetic
2025-04-24 22:50:58,495 - INFO - 跳过已处理单词: anchor
2025-04-24 22:50:58,495 - INFO - 跳过已处理单词: ashore
2025-04-24 22:50:58,495 - INFO - 跳过已处理单词: allege
2025-04-24 22:50:58,495 - INFO - 跳过已处理单词: ally
2025-04-24 22:50:58,495 - INFO - 开始处理工作表: Sheet3
2025-04-24 22:50:58,495 - INFO - 跳过已处理单词: assemble
2025-04-24 22:50:58,495 - INFO - 跳过已处理单词: resemble
2025-04-24 22:50:58,495 - INFO - 跳过已处理单词: asset
2025-04-24 22:50:58,495 - INFO - 跳过已处理单词: attain
2025-04-24 22:50:58,495 - INFO - 跳过已处理单词: attic
2025-04-24 22:50:58,495 - INFO - 跳过已处理单词: attorney
2025-04-24 22:50:58,495 - INFO - 跳过已处理单词: auditorium
2025-04-24 22:50:58,495 - INFO - 跳过已处理单词: authorize
2025-04-24 22:50:58,495 - INFO - 跳过已处理单词: auxiliary
2025-04-24 22:50:58,495 - INFO - 跳过已处理单词: aviation
2025-04-24 22:50:58,495 - INFO - 跳过已处理单词: avenue
2025-04-24 22:50:58,495 - INFO - 跳过已处理单词: axis
2025-04-24 22:50:58,495 - INFO - 跳过已处理单词: bachelor
2025-04-24 22:50:58,495 - INFO - 跳过已处理单词: bacteria
2025-04-24 22:50:58,563 - ERROR - 处理失败: badage
2025-04-24 22:50:58,563 - INFO - 跳过已处理单词: bandage
2025-04-24 22:50:58,574 - INFO - 处理完成，保存到 ../xlsx/words.xlsx
2025-04-24 22:53:34,499 - INFO - 备份已创建: ../xlsx/backup/words.xlsx_backup_20250424_225334.xlsx
2025-04-24 22:53:34,537 - INFO - 字体已设置: ../xlsx/words.xlsx
2025-04-24 22:53:34,548 - INFO - 开始处理工作表: words
2025-04-24 22:53:34,548 - INFO - 跳过已处理单词: apparatus
2025-04-24 22:53:34,548 - INFO - 跳过已处理单词: batch
2025-04-24 22:53:34,548 - INFO - 跳过已处理单词: assemble
2025-04-24 22:53:34,548 - INFO - 开始处理工作表: Sheet1
2025-04-24 22:53:34,548 - INFO - 跳过已处理单词: accordance
2025-04-24 22:53:34,548 - INFO - 跳过已处理单词: acquaint
2025-04-24 22:53:34,548 - INFO - 跳过已处理单词: acute
2025-04-24 22:53:34,548 - INFO - 跳过已处理单词: adequate
2025-04-24 22:53:34,548 - INFO - 跳过已处理单词: aerial
2025-04-24 22:53:34,548 - INFO - 跳过已处理单词: affluent
2025-04-24 22:53:34,548 - INFO - 跳过已处理单词: aisle
2025-04-24 22:53:34,548 - INFO - 开始处理工作表: Sheet2
2025-04-24 22:53:34,548 - INFO - 跳过已处理单词: apparatus
2025-04-24 22:53:34,548 - INFO - 跳过已处理单词: applicable
2025-04-24 22:53:34,548 - INFO - 跳过已处理单词: appliance
2025-04-24 22:53:34,548 - INFO - 跳过已处理单词: ample
2025-04-24 22:53:34,548 - INFO - 跳过已处理单词: amateur
2025-04-24 22:53:34,548 - INFO - 跳过已处理单词: aluminium
2025-04-24 22:53:34,548 - INFO - 跳过已处理单词: aptitude
2025-04-24 22:53:34,548 - INFO - 跳过已处理单词: arbitrary
2025-04-24 22:53:34,548 - INFO - 跳过已处理单词: arithmetic
2025-04-24 22:53:34,548 - INFO - 跳过已处理单词: anchor
2025-04-24 22:53:34,548 - INFO - 跳过已处理单词: ashore
2025-04-24 22:53:34,548 - INFO - 跳过已处理单词: allege
2025-04-24 22:53:34,548 - INFO - 跳过已处理单词: ally
2025-04-24 22:53:34,548 - INFO - 开始处理工作表: Sheet3
2025-04-24 22:53:34,549 - INFO - 跳过已处理单词: assemble
2025-04-24 22:53:34,549 - INFO - 跳过已处理单词: resemble
2025-04-24 22:53:34,549 - INFO - 跳过已处理单词: asset
2025-04-24 22:53:34,549 - INFO - 跳过已处理单词: attain
2025-04-24 22:53:34,549 - INFO - 跳过已处理单词: attic
2025-04-24 22:53:34,549 - INFO - 跳过已处理单词: attorney
2025-04-24 22:53:34,549 - INFO - 跳过已处理单词: auditorium
2025-04-24 22:53:34,549 - INFO - 跳过已处理单词: authorize
2025-04-24 22:53:34,549 - INFO - 跳过已处理单词: auxiliary
2025-04-24 22:53:34,549 - INFO - 跳过已处理单词: aviation
2025-04-24 22:53:34,549 - INFO - 跳过已处理单词: avenue
2025-04-24 22:53:34,549 - INFO - 跳过已处理单词: axis
2025-04-24 22:53:34,549 - INFO - 跳过已处理单词: bachelor
2025-04-24 22:53:34,549 - INFO - 跳过已处理单词: bacteria
2025-04-24 22:53:34,618 - ERROR - 处理失败: badage
2025-04-24 22:53:34,621 - INFO - 跳过已处理单词: bandge
2025-04-24 22:53:34,635 - INFO - 处理完成，保存到 ../xlsx/words.xlsx
2025-04-24 22:54:25,721 - INFO - 备份已创建: ../xlsx/backup/words.xlsx_backup_20250424_225425.xlsx
2025-04-24 22:54:25,743 - INFO - 字体已设置: ../xlsx/words.xlsx
2025-04-24 22:54:25,749 - INFO - 开始处理工作表: words
2025-04-24 22:54:25,749 - INFO - 跳过已处理单词: apparatus
2025-04-24 22:54:25,749 - INFO - 跳过已处理单词: batch
2025-04-24 22:54:25,749 - INFO - 跳过已处理单词: assemble
2025-04-24 22:54:25,749 - INFO - 开始处理工作表: Sheet1
2025-04-24 22:54:25,749 - INFO - 跳过已处理单词: accordance
2025-04-24 22:54:25,749 - INFO - 跳过已处理单词: acquaint
2025-04-24 22:54:25,749 - INFO - 跳过已处理单词: acute
2025-04-24 22:54:25,749 - INFO - 跳过已处理单词: adequate
2025-04-24 22:54:25,749 - INFO - 跳过已处理单词: aerial
2025-04-24 22:54:25,749 - INFO - 跳过已处理单词: affluent
2025-04-24 22:54:25,749 - INFO - 跳过已处理单词: aisle
2025-04-24 22:54:25,749 - INFO - 开始处理工作表: Sheet2
2025-04-24 22:54:25,749 - INFO - 跳过已处理单词: apparatus
2025-04-24 22:54:25,749 - INFO - 跳过已处理单词: applicable
2025-04-24 22:54:25,749 - INFO - 跳过已处理单词: appliance
2025-04-24 22:54:25,749 - INFO - 跳过已处理单词: ample
2025-04-24 22:54:25,749 - INFO - 跳过已处理单词: amateur
2025-04-24 22:54:25,749 - INFO - 跳过已处理单词: aluminium
2025-04-24 22:54:25,750 - INFO - 跳过已处理单词: aptitude
2025-04-24 22:54:25,750 - INFO - 跳过已处理单词: arbitrary
2025-04-24 22:54:25,750 - INFO - 跳过已处理单词: arithmetic
2025-04-24 22:54:25,750 - INFO - 跳过已处理单词: anchor
2025-04-24 22:54:25,750 - INFO - 跳过已处理单词: ashore
2025-04-24 22:54:25,750 - INFO - 跳过已处理单词: allege
2025-04-24 22:54:25,750 - INFO - 跳过已处理单词: ally
2025-04-24 22:54:25,750 - INFO - 开始处理工作表: Sheet3
2025-04-24 22:54:25,750 - INFO - 跳过已处理单词: assemble
2025-04-24 22:54:25,750 - INFO - 跳过已处理单词: resemble
2025-04-24 22:54:25,750 - INFO - 跳过已处理单词: asset
2025-04-24 22:54:25,750 - INFO - 跳过已处理单词: attain
2025-04-24 22:54:25,750 - INFO - 跳过已处理单词: attic
2025-04-24 22:54:25,750 - INFO - 跳过已处理单词: attorney
2025-04-24 22:54:25,750 - INFO - 跳过已处理单词: auditorium
2025-04-24 22:54:25,750 - INFO - 跳过已处理单词: authorize
2025-04-24 22:54:25,750 - INFO - 跳过已处理单词: auxiliary
2025-04-24 22:54:25,750 - INFO - 跳过已处理单词: aviation
2025-04-24 22:54:25,750 - INFO - 跳过已处理单词: avenue
2025-04-24 22:54:25,750 - INFO - 跳过已处理单词: axis
2025-04-24 22:54:25,750 - INFO - 跳过已处理单词: bachelor
2025-04-24 22:54:25,750 - INFO - 跳过已处理单词: bacteria
2025-04-24 22:54:25,860 - INFO - 已处理: badge
2025-04-24 22:54:26,160 - INFO - 跳过已处理单词: bandge
2025-04-24 22:54:26,173 - INFO - 处理完成，保存到 ../xlsx/words.xlsx
2025-04-24 23:03:16,815 - INFO - 备份已创建: ../xlsx/backup/words.xlsx_backup_20250424_230316.xlsx
2025-04-24 23:03:20,652 - INFO - 备份已创建: ../xlsx/backup/words.xlsx_backup_20250424_230320.xlsx
2025-04-24 23:03:20,683 - INFO - 字体已设置: ../xlsx/words.xlsx
2025-04-24 23:03:20,690 - INFO - 开始处理工作表: words
2025-04-24 23:08:52,270 - INFO - 备份已创建: ../xlsx/backup/words.xlsx_backup_20250424_230852.xlsx
2025-04-24 23:08:52,302 - INFO - 字体已设置: ../xlsx/words.xlsx
2025-04-24 23:08:52,309 - INFO - 开始处理工作表: words
2025-04-24 23:09:16,555 - INFO - 备份已创建: ../xlsx/backup/words.xlsx_backup_20250424_230916.xlsx
2025-04-24 23:09:16,592 - INFO - 字体已设置: ../xlsx/words.xlsx
2025-04-24 23:09:16,599 - INFO - 开始处理工作表: words
2025-04-24 23:12:14,389 - INFO - 备份已创建: ../xlsx/backup/words.xlsx_backup_20250424_231214.xlsx
2025-04-24 23:12:14,430 - INFO - 字体已设置: ../xlsx/words.xlsx
2025-04-24 23:12:14,436 - INFO - 开始处理工作表: words
2025-04-24 23:12:14,436 - INFO - 跳过已处理单词: apparatus
2025-04-24 23:12:14,436 - INFO - 跳过已处理单词: batch
2025-04-24 23:12:14,436 - INFO - 跳过已处理单词: assemble
2025-04-24 23:12:14,436 - INFO - 开始处理工作表: Sheet1
2025-04-24 23:12:14,436 - INFO - 跳过已处理单词: accordance
2025-04-24 23:12:14,436 - INFO - 跳过已处理单词: acquaint
2025-04-24 23:12:14,436 - INFO - 跳过已处理单词: acute
2025-04-24 23:12:14,436 - INFO - 跳过已处理单词: adequate
2025-04-24 23:12:14,436 - INFO - 跳过已处理单词: aerial
2025-04-24 23:12:14,436 - INFO - 跳过已处理单词: affluent
2025-04-24 23:12:14,436 - INFO - 跳过已处理单词: aisle
2025-04-24 23:12:14,436 - INFO - 开始处理工作表: Sheet2
2025-04-24 23:12:14,436 - INFO - 跳过已处理单词: apparatus
2025-04-24 23:12:14,436 - INFO - 跳过已处理单词: applicable
2025-04-24 23:12:14,436 - INFO - 跳过已处理单词: appliance
2025-04-24 23:12:14,436 - INFO - 跳过已处理单词: ample
2025-04-24 23:12:14,436 - INFO - 跳过已处理单词: amateur
2025-04-24 23:12:14,437 - INFO - 跳过已处理单词: aluminium
2025-04-24 23:12:14,437 - INFO - 跳过已处理单词: aptitude
2025-04-24 23:12:14,437 - INFO - 跳过已处理单词: arbitrary
2025-04-24 23:12:14,437 - INFO - 跳过已处理单词: arithmetic
2025-04-24 23:12:14,437 - INFO - 跳过已处理单词: anchor
2025-04-24 23:12:14,437 - INFO - 跳过已处理单词: ashore
2025-04-24 23:12:14,437 - INFO - 跳过已处理单词: allege
2025-04-24 23:12:14,437 - INFO - 跳过已处理单词: ally
2025-04-24 23:12:14,437 - INFO - 开始处理工作表: Sheet3
2025-04-24 23:12:14,437 - INFO - 跳过已处理单词: assemble
2025-04-24 23:12:14,437 - INFO - 跳过已处理单词: resemble
2025-04-24 23:12:14,437 - INFO - 跳过已处理单词: asset
2025-04-24 23:12:14,437 - INFO - 跳过已处理单词: attain
2025-04-24 23:12:14,437 - INFO - 跳过已处理单词: attic
2025-04-24 23:12:14,437 - INFO - 跳过已处理单词: attorney
2025-04-24 23:12:14,437 - INFO - 跳过已处理单词: auditorium
2025-04-24 23:12:14,437 - INFO - 跳过已处理单词: authorize
2025-04-24 23:12:14,437 - INFO - 跳过已处理单词: auxiliary
2025-04-24 23:12:14,437 - INFO - 跳过已处理单词: aviation
2025-04-24 23:12:14,437 - INFO - 跳过已处理单词: avenue
2025-04-24 23:12:14,548 - WARNING - 部分成功: axis
2025-04-24 23:12:14,548 - INFO - 已处理: axis
2025-04-24 23:12:14,848 - INFO - 跳过已处理单词: bachelor
2025-04-24 23:12:14,848 - INFO - 跳过已处理单词: bacteria
2025-04-24 23:12:14,848 - INFO - 跳过已处理单词: badge
2025-04-24 23:12:14,986 - INFO - 已处理: band
2025-04-24 23:12:15,287 - INFO - 跳过已处理单词: bandge
2025-04-24 23:12:15,410 - INFO - 已处理: bail
2025-04-24 23:12:15,824 - INFO - 已处理: bait
2025-04-24 23:12:16,236 - INFO - 已处理: ballot
2025-04-24 23:12:16,537 - INFO - 开始处理工作表: Sheet4
2025-04-24 23:12:17,136 - INFO - 已处理: banknote
2025-04-24 23:12:17,548 - INFO - 已处理: banner
2025-04-24 23:12:17,978 - INFO - 已处理: banquet
2025-04-24 23:12:18,349 - ERROR - 处理失败: barbeecue
2025-04-24 23:12:18,363 - INFO - 处理完成，保存到 ../xlsx/words.xlsx
2025-04-24 23:13:10,867 - INFO - 备份已创建: ../xlsx/backup/words.xlsx_backup_20250424_231310.xlsx
2025-04-24 23:13:10,875 - INFO - 开始处理工作表: words
2025-04-24 23:13:10,875 - INFO - 跳过已处理单词: apparatus
2025-04-24 23:13:10,875 - INFO - 跳过已处理单词: batch
2025-04-24 23:13:10,875 - INFO - 跳过已处理单词: assemble
2025-04-24 23:13:10,875 - INFO - 开始处理工作表: Sheet1
2025-04-24 23:13:10,875 - INFO - 跳过已处理单词: accordance
2025-04-24 23:13:10,875 - INFO - 跳过已处理单词: acquaint
2025-04-24 23:13:10,875 - INFO - 跳过已处理单词: acute
2025-04-24 23:13:10,875 - INFO - 跳过已处理单词: adequate
2025-04-24 23:13:10,875 - INFO - 跳过已处理单词: aerial
2025-04-24 23:13:10,875 - INFO - 跳过已处理单词: affluent
2025-04-24 23:13:10,875 - INFO - 跳过已处理单词: aisle
2025-04-24 23:13:10,875 - INFO - 开始处理工作表: Sheet2
2025-04-24 23:13:10,875 - INFO - 跳过已处理单词: apparatus
2025-04-24 23:13:10,875 - INFO - 跳过已处理单词: applicable
2025-04-24 23:13:10,875 - INFO - 跳过已处理单词: appliance
2025-04-24 23:13:10,875 - INFO - 跳过已处理单词: ample
2025-04-24 23:13:10,875 - INFO - 跳过已处理单词: amateur
2025-04-24 23:13:10,875 - INFO - 跳过已处理单词: aluminium
2025-04-24 23:13:10,876 - INFO - 跳过已处理单词: aptitude
2025-04-24 23:13:10,876 - INFO - 跳过已处理单词: arbitrary
2025-04-24 23:13:10,876 - INFO - 跳过已处理单词: arithmetic
2025-04-24 23:13:10,876 - INFO - 跳过已处理单词: anchor
2025-04-24 23:13:10,876 - INFO - 跳过已处理单词: ashore
2025-04-24 23:13:10,876 - INFO - 跳过已处理单词: allege
2025-04-24 23:13:10,876 - INFO - 跳过已处理单词: ally
2025-04-24 23:13:10,876 - INFO - 开始处理工作表: Sheet3
2025-04-24 23:13:10,876 - INFO - 跳过已处理单词: assemble
2025-04-24 23:13:10,876 - INFO - 跳过已处理单词: resemble
2025-04-24 23:13:10,876 - INFO - 跳过已处理单词: asset
2025-04-24 23:13:10,876 - INFO - 跳过已处理单词: attain
2025-04-24 23:13:10,876 - INFO - 跳过已处理单词: attic
2025-04-24 23:13:10,876 - INFO - 跳过已处理单词: attorney
2025-04-24 23:13:10,876 - INFO - 跳过已处理单词: auditorium
2025-04-24 23:13:10,876 - INFO - 跳过已处理单词: authorize
2025-04-24 23:13:10,876 - INFO - 跳过已处理单词: auxiliary
2025-04-24 23:13:10,876 - INFO - 跳过已处理单词: aviation
2025-04-24 23:13:10,876 - INFO - 跳过已处理单词: avenue
2025-04-24 23:13:10,876 - INFO - 跳过已处理单词: axis
2025-04-24 23:13:10,876 - INFO - 跳过已处理单词: bachelor
2025-04-24 23:13:10,876 - INFO - 跳过已处理单词: bacteria
2025-04-24 23:13:10,876 - INFO - 跳过已处理单词: badge
2025-04-24 23:13:10,876 - INFO - 跳过已处理单词: band
2025-04-24 23:13:10,876 - INFO - 跳过已处理单词: bandge
2025-04-24 23:13:10,876 - INFO - 跳过已处理单词: bail
2025-04-24 23:13:10,876 - INFO - 跳过已处理单词: bait
2025-04-24 23:13:10,876 - INFO - 跳过已处理单词: ballot
2025-04-24 23:13:10,876 - INFO - 开始处理工作表: Sheet4
2025-04-24 23:13:10,876 - INFO - 跳过已处理单词: banknote
2025-04-24 23:13:10,876 - INFO - 跳过已处理单词: banner
2025-04-24 23:13:10,876 - INFO - 跳过已处理单词: banquet
2025-04-24 23:13:10,876 - INFO - 跳过失败单词: barbeecue
2025-04-24 23:13:16,890 - INFO - 备份已创建: ../xlsx/backup/words.xlsx_backup_20250424_231316.xlsx
2025-04-24 23:13:16,898 - INFO - 开始处理工作表: words
2025-04-24 23:13:16,899 - INFO - 跳过已处理单词: apparatus
2025-04-24 23:13:16,899 - INFO - 跳过已处理单词: batch
2025-04-24 23:13:16,899 - INFO - 跳过已处理单词: assemble
2025-04-24 23:13:16,899 - INFO - 开始处理工作表: Sheet1
2025-04-24 23:13:16,899 - INFO - 跳过已处理单词: accordance
2025-04-24 23:13:16,899 - INFO - 跳过已处理单词: acquaint
2025-04-24 23:13:16,899 - INFO - 跳过已处理单词: acute
2025-04-24 23:13:16,899 - INFO - 跳过已处理单词: adequate
2025-04-24 23:13:16,899 - INFO - 跳过已处理单词: aerial
2025-04-24 23:13:16,899 - INFO - 跳过已处理单词: affluent
2025-04-24 23:13:16,899 - INFO - 跳过已处理单词: aisle
2025-04-24 23:13:16,899 - INFO - 开始处理工作表: Sheet2
2025-04-24 23:13:16,899 - INFO - 跳过已处理单词: apparatus
2025-04-24 23:13:16,899 - INFO - 跳过已处理单词: applicable
2025-04-24 23:13:16,899 - INFO - 跳过已处理单词: appliance
2025-04-24 23:13:16,899 - INFO - 跳过已处理单词: ample
2025-04-24 23:13:16,899 - INFO - 跳过已处理单词: amateur
2025-04-24 23:13:16,899 - INFO - 跳过已处理单词: aluminium
2025-04-24 23:13:16,899 - INFO - 跳过已处理单词: aptitude
2025-04-24 23:13:16,899 - INFO - 跳过已处理单词: arbitrary
2025-04-24 23:13:16,899 - INFO - 跳过已处理单词: arithmetic
2025-04-24 23:13:16,899 - INFO - 跳过已处理单词: anchor
2025-04-24 23:13:16,899 - INFO - 跳过已处理单词: ashore
2025-04-24 23:13:16,899 - INFO - 跳过已处理单词: allege
2025-04-24 23:13:16,899 - INFO - 跳过已处理单词: ally
2025-04-24 23:13:16,899 - INFO - 开始处理工作表: Sheet3
2025-04-24 23:13:16,899 - INFO - 跳过已处理单词: assemble
2025-04-24 23:13:16,899 - INFO - 跳过已处理单词: resemble
2025-04-24 23:13:16,899 - INFO - 跳过已处理单词: asset
2025-04-24 23:13:16,899 - INFO - 跳过已处理单词: attain
2025-04-24 23:13:16,899 - INFO - 跳过已处理单词: attic
2025-04-24 23:13:16,899 - INFO - 跳过已处理单词: attorney
2025-04-24 23:13:16,899 - INFO - 跳过已处理单词: auditorium
2025-04-24 23:13:16,899 - INFO - 跳过已处理单词: authorize
2025-04-24 23:13:16,899 - INFO - 跳过已处理单词: auxiliary
2025-04-24 23:13:16,899 - INFO - 跳过已处理单词: aviation
2025-04-24 23:13:16,899 - INFO - 跳过已处理单词: avenue
2025-04-24 23:13:16,899 - INFO - 跳过已处理单词: axis
2025-04-24 23:13:16,899 - INFO - 跳过已处理单词: bachelor
2025-04-24 23:13:16,900 - INFO - 跳过已处理单词: bacteria
2025-04-24 23:13:16,900 - INFO - 跳过已处理单词: badge
2025-04-24 23:13:16,900 - INFO - 跳过已处理单词: band
2025-04-24 23:13:16,900 - INFO - 跳过已处理单词: bandge
2025-04-24 23:13:16,900 - INFO - 跳过已处理单词: bail
2025-04-24 23:13:16,900 - INFO - 跳过已处理单词: bait
2025-04-24 23:13:16,900 - INFO - 跳过已处理单词: ballot
2025-04-24 23:13:16,900 - INFO - 开始处理工作表: Sheet4
2025-04-24 23:13:16,900 - INFO - 跳过已处理单词: banknote
2025-04-24 23:13:16,900 - INFO - 跳过已处理单词: banner
2025-04-24 23:13:16,900 - INFO - 跳过已处理单词: banquet
2025-04-24 23:13:16,900 - INFO - 跳过失败单词: barbecue
2025-04-24 23:13:16,915 - INFO - 处理完成，保存到 ../xlsx/words.xlsx
2025-04-24 23:13:16,943 - INFO - 字体已设置: ../xlsx/words.xlsx
2025-04-24 23:20:00,534 - INFO - 备份已创建: ../xlsx/backup/words.xlsx_backup_20250424_232000.xlsx
2025-04-24 23:20:00,543 - INFO - 开始处理工作表: words
2025-04-24 23:20:00,543 - INFO - 跳过已处理单词: apparatus
2025-04-24 23:20:00,543 - INFO - 跳过已处理单词: batch
2025-04-24 23:20:00,543 - INFO - 跳过已处理单词: assemble
2025-04-24 23:20:00,543 - INFO - 开始处理工作表: Sheet1
2025-04-24 23:20:00,543 - INFO - 跳过已处理单词: accordance
2025-04-24 23:20:00,543 - INFO - 跳过已处理单词: acquaint
2025-04-24 23:20:00,543 - INFO - 跳过已处理单词: acute
2025-04-24 23:20:00,543 - INFO - 跳过已处理单词: adequate
2025-04-24 23:20:00,543 - INFO - 跳过已处理单词: aerial
2025-04-24 23:20:00,543 - INFO - 跳过已处理单词: affluent
2025-04-24 23:20:00,543 - INFO - 跳过已处理单词: aisle
2025-04-24 23:20:00,543 - INFO - 开始处理工作表: Sheet2
2025-04-24 23:20:00,543 - INFO - 跳过已处理单词: apparatus
2025-04-24 23:20:00,543 - INFO - 跳过已处理单词: applicable
2025-04-24 23:20:00,543 - INFO - 跳过已处理单词: appliance
2025-04-24 23:20:00,544 - INFO - 跳过已处理单词: ample
2025-04-24 23:20:00,544 - INFO - 跳过已处理单词: amateur
2025-04-24 23:20:00,544 - INFO - 跳过已处理单词: aluminium
2025-04-24 23:20:00,544 - INFO - 跳过已处理单词: aptitude
2025-04-24 23:20:00,544 - INFO - 跳过已处理单词: arbitrary
2025-04-24 23:20:00,544 - INFO - 跳过已处理单词: arithmetic
2025-04-24 23:20:00,544 - INFO - 跳过已处理单词: anchor
2025-04-24 23:20:00,544 - INFO - 跳过已处理单词: ashore
2025-04-24 23:20:00,544 - INFO - 跳过已处理单词: allege
2025-04-24 23:20:00,544 - INFO - 跳过已处理单词: ally
2025-04-24 23:20:00,544 - INFO - 开始处理工作表: Sheet3
2025-04-24 23:20:00,544 - INFO - 跳过已处理单词: assemble
2025-04-24 23:20:00,544 - INFO - 跳过已处理单词: resemble
2025-04-24 23:20:00,544 - INFO - 跳过已处理单词: asset
2025-04-24 23:20:00,544 - INFO - 跳过已处理单词: attain
2025-04-24 23:20:00,544 - INFO - 跳过已处理单词: attic
2025-04-24 23:20:00,544 - INFO - 跳过已处理单词: attorney
2025-04-24 23:20:00,544 - INFO - 跳过已处理单词: auditorium
2025-04-24 23:20:00,544 - INFO - 跳过已处理单词: authorize
2025-04-24 23:20:00,544 - INFO - 跳过已处理单词: auxiliary
2025-04-24 23:20:00,544 - INFO - 跳过已处理单词: aviation
2025-04-24 23:20:00,544 - INFO - 跳过已处理单词: avenue
2025-04-24 23:20:00,544 - INFO - 跳过已处理单词: axis
2025-04-24 23:20:00,544 - INFO - 跳过已处理单词: bachelor
2025-04-24 23:20:00,544 - INFO - 跳过已处理单词: bacteria
2025-04-24 23:20:00,544 - INFO - 跳过已处理单词: badge
2025-04-24 23:20:00,544 - INFO - 跳过已处理单词: band
2025-04-24 23:20:00,544 - INFO - 跳过已处理单词: bandge
2025-04-24 23:20:00,544 - INFO - 跳过已处理单词: bail
2025-04-24 23:20:00,544 - INFO - 跳过已处理单词: bait
2025-04-24 23:20:00,544 - INFO - 跳过已处理单词: ballot
2025-04-24 23:20:00,544 - INFO - 开始处理工作表: Sheet4
2025-04-24 23:20:00,544 - INFO - 跳过已处理单词: banknote
2025-04-24 23:20:00,544 - INFO - 跳过已处理单词: banner
2025-04-24 23:20:00,544 - INFO - 跳过已处理单词: banquet
2025-04-24 23:20:00,658 - INFO - 已处理: barbecue
2025-04-24 23:20:01,074 - INFO - 已处理: bargain
2025-04-24 23:20:01,480 - WARNING - 部分成功: barn
2025-04-24 23:20:01,480 - INFO - 已处理: barn
2025-04-24 23:20:01,894 - INFO - 已处理: barrel
2025-04-24 23:20:02,386 - INFO - 已处理: barrier
2025-04-24 23:20:02,818 - INFO - 已处理: basis
2025-04-24 23:20:03,225 - INFO - 已处理: biases
2025-04-24 23:20:03,639 - INFO - 已处理: batch
2025-04-24 23:20:04,054 - INFO - 已处理: battalion
2025-04-24 23:20:04,480 - INFO - 已处理: beam
2025-04-24 23:20:04,913 - INFO - 已处理: bearing
2025-04-24 23:20:05,317 - INFO - 已处理: beggar
2025-04-24 23:20:05,737 - INFO - 已处理: belly
2025-04-24 23:20:06,638 - INFO - 已处理: beverage
2025-04-24 23:20:07,124 - INFO - 已处理: bias
2025-04-24 23:20:07,547 - INFO - 已处理: bind
2025-04-24 23:20:07,986 - INFO - 已处理: band
2025-04-24 23:20:08,415 - INFO - 已处理: bond
2025-04-24 23:20:08,851 - INFO - 已处理: blast
2025-04-24 23:20:09,285 - INFO - 已处理: blend
2025-04-24 23:20:09,677 - WARNING - 部分成功: blond
2025-04-24 23:20:09,678 - INFO - 已处理: blond
2025-04-24 23:20:10,106 - INFO - 已处理: bloom
2025-04-24 23:20:10,526 - INFO - 已处理: blossom
2025-04-24 23:20:10,938 - INFO - 已处理: blur
2025-04-24 23:20:11,357 - INFO - 已处理: bold
2025-04-24 23:20:11,797 - INFO - 已处理: bow
2025-04-24 23:20:12,229 - INFO - 已处理: bolt
2025-04-24 23:20:12,655 - INFO - 已处理: bonus
2025-04-24 23:20:12,972 - INFO - 处理完成，保存到 ../xlsx/words.xlsx
2025-04-24 23:20:13,004 - INFO - 字体已设置: ../xlsx/words.xlsx
